Thu Mar 19 09:38:06 2020
  % Total    % Received % Xferd  Average Speed   Time    Time     Time  Current
                                 Dload  Upload   Total   Spent    Left  Speed
  0     0    0     0    0     0      0      0 --:--:-- --:--:-- --:--:--     0100 74283  100 74283    0     0   684k      0 --:--:-- --:--:-- --:--:--  684k
{'US', 'Italy', 'Spain', 'Korea, South', 'Canada', 'China', 'Iran'}
------------------------------------

Thu Mar 19 10:38:06 2020
  % Total    % Received % Xferd  Average Speed   Time    Time     Time  Current
                                 Dload  Upload   Total   Spent    Left  Speed
  0     0    0     0    0     0      0      0 --:--:-- --:--:-- --:--:--     0  0     0    0     0    0     0      0      0 --:--:-- --:--:-- --:--:--     0100 74283  100 74283    0     0  1051k      0 --:--:-- --:--:-- --:--:-- 1051k
{'US', 'Italy', 'Spain', 'Korea, South', 'Canada', 'China', 'Iran'}
------------------------------------

Thu Mar 19 11:38:07 2020
  % Total    % Received % Xferd  Average Speed   Time    Time     Time  Current
                                 Dload  Upload   Total   Spent    Left  Speed
  0     0    0     0    0     0      0      0 --:--:-- --:--:-- --:--:--     0100 74283  100 74283    0     0   954k      0 --:--:-- --:--:-- --:--:--  954k
{'US', 'Italy', 'Spain', 'Korea, South', 'Canada', 'China', 'Iran'}
------------------------------------

Thu Mar 19 12:38:07 2020
  % Total    % Received % Xferd  Average Speed   Time    Time     Time  Current
                                 Dload  Upload   Total   Spent    Left  Speed
  0     0    0     0    0     0      0      0 --:--:-- --:--:-- --:--:--     0100 74283  100 74283    0     0   993k      0 --:--:-- --:--:-- --:--:--  993k
{'US', 'Italy', 'Spain', 'Korea, South', 'Canada', 'China', 'Iran'}
------------------------------------

Thu Mar 19 13:38:08 2020
  % Total    % Received % Xferd  Average Speed   Time    Time     Time  Current
                                 Dload  Upload   Total   Spent    Left  Speed
  0     0    0     0    0     0      0      0 --:--:-- --:--:-- --:--:--     0100 74283  100 74283    0     0   426k      0 --:--:-- --:--:-- --:--:--  426k
{'US', 'Italy', 'Spain', 'Korea, South', 'Canada', 'China', 'Iran'}
------------------------------------

Thu Mar 19 14:38:09 2020
  % Total    % Received % Xferd  Average Speed   Time    Time     Time  Current
                                 Dload  Upload   Total   Spent    Left  Speed
  0     0    0     0    0     0      0      0 --:--:-- --:--:-- --:--:--     0100 74283  100 74283    0     0   604k      0 --:--:-- --:--:-- --:--:--  604k
{'US', 'Italy', 'Spain', 'Korea, South', 'Canada', 'China', 'Iran'}
Thu Mar 19 14:38:33 2020
  % Total    % Received % Xferd  Average Speed   Time    Time     Time  Current
                                 Dload  Upload   Total   Spent    Left  Speed
  0     0    0     0    0     0      0      0 --:--:-- --:--:-- --:--:--     0100 74283  100 74283    0     0  1368k      0 --:--:-- --:--:-- --:--:-- 1368k

interested_countries:  {'Canada': [108, 117, 193, 198, 252, 415, 478, 657], 'Germany': [130, 159, 196, 262, 482, 670, 799, 1040, 1176, 1457, 1908, 2078, 3675, 4585, 5795, 7272, 9257, 12327], 'Iran': [139, 245, 388, 593, 978, 1501, 2336, 2922, 3513, 4747, 5823, 6566, 7161, 8042, 9000, 10075, 11364, 12729, 13938, 14991, 16169, 17361], 'Korea, South': [104, 204, 433, 602, 833, 977, 1261, 1766, 2337, 3150, 3736, 4335, 5186, 5621, 6088, 6593, 7041, 7314, 7478, 7513, 7755, 7869, 7979, 8086, 8162, 8236, 8320, 8413], 'Spain': [120, 165, 222, 259, 400, 500, 673, 1073, 1695, 2277, 2277, 5232, 6391, 7798, 9942, 11748, 13910], 'US': [118, 149, 217, 262, 402, 518, 583, 959, 1281, 1663, 2179, 2727, 3499, 4632, 6421, 7783]}

referenced_countries:  {'China': [548, 643, 920, 1406, 2075, 2877, 5509, 6087, 8141, 9802, 11891, 16630, 19716, 23707, 27440, 30587, 34110, 36814, 39829, 42354, 44386, 44759, 59895, 66358, 68413, 70513, 72434, 74211, 74619, 75077, 75550, 77001, 77022, 77241, 77754, 78166, 78600, 78928, 79356, 79932, 80136, 80261, 80386, 80537, 80690, 80770, 80823, 80860, 80887, 80921, 80932, 80945, 80977, 81003, 81033, 81058, 81102], 'Italy': [155, 229, 322, 453, 655, 888, 1128, 1694, 2036, 2502, 3089, 3858, 4636, 5883, 7375, 9172, 10149, 12462, 12462, 17660, 21157, 24747, 27980, 31506, 35713]}
------------------------------------

